  [1m[36m (39.9ms)[0m  [1mCREATE TABLE "schema_migrations" ("version" character varying NOT NULL) [0m
  [1m[35m (8.0ms)[0m  CREATE UNIQUE INDEX  "unique_schema_migrations" ON "schema_migrations"  ("version")
  [1m[36mActiveRecord::SchemaMigration Load (0.4ms)[0m  [1mSELECT "schema_migrations".* FROM "schema_migrations"[0m
Migrating to CreateUsers (20151112090033)
  [1m[35m (0.2ms)[0m  BEGIN
  [1m[36m (19.8ms)[0m  [1mCREATE TABLE "users" ("id" serial primary key, "name" character varying, "provider" character varying, "uid" character varying, "created_at" timestamp NOT NULL, "updated_at" timestamp NOT NULL) [0m
  [1m[35mSQL (1.8ms)[0m  INSERT INTO "schema_migrations" ("version") VALUES ($1)  [["version", "20151112090033"]]
  [1m[36m (2.1ms)[0m  [1mCOMMIT[0m
  [1m[35mActiveRecord::SchemaMigration Load (0.3ms)[0m  SELECT "schema_migrations".* FROM "schema_migrations"
  [1m[36m (2.3ms)[0m  [1mSELECT t2.oid::regclass::text AS to_table, a1.attname AS column, a2.attname AS primary_key, c.conname AS name, c.confupdtype AS on_update, c.confdeltype AS on_delete
FROM pg_constraint c
JOIN pg_class t1 ON c.conrelid = t1.oid
JOIN pg_class t2 ON c.confrelid = t2.oid
JOIN pg_attribute a1 ON a1.attnum = c.conkey[1] AND a1.attrelid = t1.oid
JOIN pg_attribute a2 ON a2.attnum = c.confkey[1] AND a2.attrelid = t2.oid
JOIN pg_namespace t3 ON c.connamespace = t3.oid
WHERE c.contype = 'f'
  AND t1.relname = 'users'
  AND t3.nspname = ANY (current_schemas(false))
ORDER BY c.conname
[0m
  [1m[36mActiveRecord::SchemaMigration Load (0.4ms)[0m  [1mSELECT "schema_migrations".* FROM "schema_migrations"[0m
  [1m[35mActiveRecord::SchemaMigration Load (0.2ms)[0m  SELECT "schema_migrations".* FROM "schema_migrations"
  [1m[36m (2.3ms)[0m  [1mSELECT t2.oid::regclass::text AS to_table, a1.attname AS column, a2.attname AS primary_key, c.conname AS name, c.confupdtype AS on_update, c.confdeltype AS on_delete
FROM pg_constraint c
JOIN pg_class t1 ON c.conrelid = t1.oid
JOIN pg_class t2 ON c.confrelid = t2.oid
JOIN pg_attribute a1 ON a1.attnum = c.conkey[1] AND a1.attrelid = t1.oid
JOIN pg_attribute a2 ON a2.attnum = c.confkey[1] AND a2.attrelid = t2.oid
JOIN pg_namespace t3 ON c.connamespace = t3.oid
WHERE c.contype = 'f'
  AND t1.relname = 'users'
  AND t3.nspname = ANY (current_schemas(false))
ORDER BY c.conname
[0m
  [1m[36mActiveRecord::SchemaMigration Load (0.3ms)[0m  [1mSELECT "schema_migrations".* FROM "schema_migrations"[0m


Started GET "/" for 127.0.0.1 at 2015-11-12 14:36:44 +0530
  [1m[36mActiveRecord::SchemaMigration Load (0.5ms)[0m  [1mSELECT "schema_migrations".* FROM "schema_migrations"[0m
Processing by VisitorsController#index as HTML
  [1m[35m (1.7ms)[0m  SELECT COUNT(*) FROM "users"
  Rendered visitors/index.html.erb within layouts/application (6.9ms)
  Rendered layouts/_navigation_links.html.erb (0.8ms)
  Rendered layouts/_nav_links_for_auth.html.erb (0.5ms)
  Rendered layouts/_navigation.html.erb (3.7ms)
  Rendered layouts/_messages.html.erb (0.6ms)
Completed 200 OK in 4408ms (Views: 4393.6ms | ActiveRecord: 2.4ms)


Started GET "/signin" for 127.0.0.1 at 2015-11-12 14:36:54 +0530
Processing by SessionsController#new as HTML
Redirected to http://localhost:3000/auth/github
Completed 302 Found in 1ms (ActiveRecord: 0.0ms)


Started GET "/auth/github" for 127.0.0.1 at 2015-11-12 14:36:54 +0530


Started GET "/signin" for 127.0.0.1 at 2015-11-12 14:36:55 +0530
Processing by SessionsController#new as HTML
Redirected to http://localhost:3000/auth/github
Completed 302 Found in 1ms (ActiveRecord: 0.0ms)


Started GET "/auth/github" for 127.0.0.1 at 2015-11-12 14:36:55 +0530
  [1m[36mActiveRecord::SchemaMigration Load (0.3ms)[0m  [1mSELECT "schema_migrations".* FROM "schema_migrations"[0m
  [1m[35mActiveRecord::SchemaMigration Load (0.2ms)[0m  SELECT "schema_migrations".* FROM "schema_migrations"
  [1m[36m (2.0ms)[0m  [1mSELECT t2.oid::regclass::text AS to_table, a1.attname AS column, a2.attname AS primary_key, c.conname AS name, c.confupdtype AS on_update, c.confdeltype AS on_delete
FROM pg_constraint c
JOIN pg_class t1 ON c.conrelid = t1.oid
JOIN pg_class t2 ON c.confrelid = t2.oid
JOIN pg_attribute a1 ON a1.attnum = c.conkey[1] AND a1.attrelid = t1.oid
JOIN pg_attribute a2 ON a2.attnum = c.confkey[1] AND a2.attrelid = t2.oid
JOIN pg_namespace t3 ON c.connamespace = t3.oid
WHERE c.contype = 'f'
  AND t1.relname = 'users'
  AND t3.nspname = ANY (current_schemas(false))
ORDER BY c.conname
[0m
  [1m[36mActiveRecord::SchemaMigration Load (0.3ms)[0m  [1mSELECT "schema_migrations".* FROM "schema_migrations"[0m
  [1m[35mActiveRecord::SchemaMigration Load (0.2ms)[0m  SELECT "schema_migrations".* FROM "schema_migrations"
  [1m[36m (2.1ms)[0m  [1mSELECT t2.oid::regclass::text AS to_table, a1.attname AS column, a2.attname AS primary_key, c.conname AS name, c.confupdtype AS on_update, c.confdeltype AS on_delete
FROM pg_constraint c
JOIN pg_class t1 ON c.conrelid = t1.oid
JOIN pg_class t2 ON c.confrelid = t2.oid
JOIN pg_attribute a1 ON a1.attnum = c.conkey[1] AND a1.attrelid = t1.oid
JOIN pg_attribute a2 ON a2.attnum = c.confkey[1] AND a2.attrelid = t2.oid
JOIN pg_namespace t3 ON c.connamespace = t3.oid
WHERE c.contype = 'f'
  AND t1.relname = 'users'
  AND t3.nspname = ANY (current_schemas(false))
ORDER BY c.conname
[0m


Started GET "/" for 127.0.0.1 at 2015-11-12 14:48:31 +0530
  [1m[36mActiveRecord::SchemaMigration Load (1.8ms)[0m  [1mSELECT "schema_migrations".* FROM "schema_migrations"[0m
Processing by VisitorsController#index as HTML
  [1m[35m (1.7ms)[0m  SELECT COUNT(*) FROM "users"
  Rendered visitors/index.html.erb within layouts/application (8.1ms)
  Rendered layouts/_navigation_links.html.erb (0.7ms)
  Rendered layouts/_nav_links_for_auth.html.erb (1.2ms)
  Rendered layouts/_navigation.html.erb (4.2ms)
  Rendered layouts/_messages.html.erb (0.9ms)
Completed 200 OK in 315ms (Views: 303.1ms | ActiveRecord: 2.5ms)


Started GET "/signin" for 127.0.0.1 at 2015-11-12 14:48:33 +0530
Processing by SessionsController#new as HTML
Redirected to http://localhost:3000/auth/github
Completed 302 Found in 2ms (ActiveRecord: 0.0ms)


Started GET "/auth/github" for 127.0.0.1 at 2015-11-12 14:48:33 +0530


Started GET "/signin" for 127.0.0.1 at 2015-11-12 14:48:34 +0530
Processing by SessionsController#new as HTML
Redirected to http://localhost:3000/auth/github
Completed 302 Found in 1ms (ActiveRecord: 0.0ms)


Started GET "/auth/github" for 127.0.0.1 at 2015-11-12 14:48:34 +0530


Started GET "/auth/github/callback?code=6d6a734cad232782962c&state=b11189a3cf7e3d5f6585143f47c0b59ccf44a9e50dfb49e5" for 127.0.0.1 at 2015-11-12 14:48:40 +0530
Processing by SessionsController#create as HTML
  Parameters: {"code"=>"6d6a734cad232782962c", "state"=>"b11189a3cf7e3d5f6585143f47c0b59ccf44a9e50dfb49e5", "provider"=>"github"}
  [1m[36mUser Load (0.4ms)[0m  [1mSELECT  "users".* FROM "users" WHERE "users"."provider" = $1 AND "users"."uid" = $2  ORDER BY "users"."id" ASC LIMIT 1[0m  [["provider", "github"], ["uid", "5456598"]]
  [1m[35m (0.2ms)[0m  BEGIN
  [1m[36mSQL (1.8ms)[0m  [1mINSERT INTO "users" ("provider", "uid", "name", "created_at", "updated_at") VALUES ($1, $2, $3, $4, $5) RETURNING "id"[0m  [["provider", "github"], ["uid", "5456598"], ["name", "Sai"], ["created_at", "2015-11-12 09:18:42.520214"], ["updated_at", "2015-11-12 09:18:42.520214"]]
  [1m[35m (3.3ms)[0m  COMMIT
Redirected to http://localhost:3000/
Completed 302 Found in 37ms (ActiveRecord: 13.3ms)


Started GET "/" for 127.0.0.1 at 2015-11-12 14:48:42 +0530
Processing by VisitorsController#index as HTML
  [1m[36m (0.5ms)[0m  [1mSELECT COUNT(*) FROM "users"[0m
  Rendered visitors/index.html.erb within layouts/application (1.5ms)
  Rendered layouts/_navigation_links.html.erb (0.1ms)
  [1m[35mUser Load (0.3ms)[0m  SELECT  "users".* FROM "users" WHERE "users"."id" = $1 LIMIT 1  [["id", 1]]
  Rendered layouts/_nav_links_for_auth.html.erb (4.4ms)
  Rendered layouts/_navigation.html.erb (5.5ms)
  Rendered layouts/_messages.html.erb (0.1ms)
Completed 200 OK in 84ms (Views: 82.3ms | ActiveRecord: 0.8ms)


Started GET "/" for 127.0.0.1 at 2015-11-12 14:50:08 +0530
Processing by VisitorsController#index as HTML
  [1m[36m (0.3ms)[0m  [1mSELECT COUNT(*) FROM "users"[0m
  Rendered visitors/index.html.erb within layouts/application (1.2ms)
  Rendered layouts/_navigation_links.html.erb (0.1ms)
  [1m[35mUser Load (0.3ms)[0m  SELECT  "users".* FROM "users" WHERE "users"."id" = $1 LIMIT 1  [["id", 1]]
  Rendered layouts/_nav_links_for_auth.html.erb (1.2ms)
  Rendered layouts/_navigation.html.erb (2.3ms)
  Rendered layouts/_messages.html.erb (0.1ms)
Completed 200 OK in 98ms (Views: 96.2ms | ActiveRecord: 0.6ms)


Started GET "/" for 127.0.0.1 at 2015-11-12 14:50:22 +0530
Processing by VisitorsController#index as HTML
  Rendered visitors/index.html.erb within layouts/application (0.3ms)
  Rendered layouts/_navigation_links.html.erb (0.1ms)
  [1m[36mUser Load (0.3ms)[0m  [1mSELECT  "users".* FROM "users" WHERE "users"."id" = $1 LIMIT 1[0m  [["id", 1]]
  Rendered layouts/_nav_links_for_auth.html.erb (0.8ms)
  Rendered layouts/_navigation.html.erb (2.0ms)
  Rendered layouts/_messages.html.erb (0.1ms)
Completed 200 OK in 94ms (Views: 93.3ms | ActiveRecord: 0.3ms)


Started GET "/pages/about" for 127.0.0.1 at 2015-11-12 14:50:26 +0530
Processing by HighVoltage::PagesController#show as HTML
  Parameters: {"id"=>"about"}
  Rendered pages/about.html.erb within layouts/application (0.5ms)
  Rendered layouts/_navigation_links.html.erb (0.4ms)
  [1m[35mUser Load (0.3ms)[0m  SELECT  "users".* FROM "users" WHERE "users"."id" = $1 LIMIT 1  [["id", 1]]
  Rendered layouts/_nav_links_for_auth.html.erb (1.2ms)
  Rendered layouts/_navigation.html.erb (3.2ms)
  Rendered layouts/_messages.html.erb (0.4ms)
Completed 200 OK in 88ms (Views: 86.8ms | ActiveRecord: 0.3ms)


Started GET "/" for 127.0.0.1 at 2015-11-12 14:50:33 +0530
Processing by VisitorsController#index as HTML
  Rendered visitors/index.html.erb within layouts/application (0.3ms)
  Rendered layouts/_navigation_links.html.erb (0.2ms)
  [1m[36mUser Load (0.4ms)[0m  [1mSELECT  "users".* FROM "users" WHERE "users"."id" = $1 LIMIT 1[0m  [["id", 1]]
  Rendered layouts/_nav_links_for_auth.html.erb (0.9ms)
  Rendered layouts/_navigation.html.erb (2.5ms)
  Rendered layouts/_messages.html.erb (0.1ms)
Completed 200 OK in 79ms (Views: 78.4ms | ActiveRecord: 0.4ms)


Started GET "/signout" for 127.0.0.1 at 2015-11-12 14:50:34 +0530
Processing by SessionsController#destroy as HTML
Redirected to http://localhost:3000/
Completed 302 Found in 1ms (ActiveRecord: 0.0ms)


Started GET "/" for 127.0.0.1 at 2015-11-12 14:50:34 +0530
Processing by VisitorsController#index as HTML
  Rendered visitors/index.html.erb within layouts/application (0.1ms)
  Rendered layouts/_navigation_links.html.erb (0.1ms)
  Rendered layouts/_nav_links_for_auth.html.erb (0.1ms)
  Rendered layouts/_navigation.html.erb (1.3ms)
  Rendered layouts/_messages.html.erb (0.1ms)
Completed 200 OK in 89ms (Views: 89.0ms | ActiveRecord: 0.0ms)


Started GET "/signin" for 127.0.0.1 at 2015-11-12 14:50:36 +0530
Processing by SessionsController#new as HTML
Redirected to http://localhost:3000/auth/github
Completed 302 Found in 1ms (ActiveRecord: 0.0ms)


Started GET "/auth/github" for 127.0.0.1 at 2015-11-12 14:50:36 +0530


Started GET "/signin" for 127.0.0.1 at 2015-11-12 14:50:37 +0530
Processing by SessionsController#new as HTML
Redirected to http://localhost:3000/auth/github
Completed 302 Found in 1ms (ActiveRecord: 0.0ms)


Started GET "/auth/github" for 127.0.0.1 at 2015-11-12 14:50:37 +0530


Started GET "/auth/github/callback?code=0a0ee6565ba04a55e8b3&state=4a793465d816dc511888757e0a52e46acdf38d59c9028aef" for 127.0.0.1 at 2015-11-12 14:50:38 +0530
Processing by SessionsController#create as HTML
  Parameters: {"code"=>"0a0ee6565ba04a55e8b3", "state"=>"4a793465d816dc511888757e0a52e46acdf38d59c9028aef", "provider"=>"github"}
  [1m[35mUser Load (0.7ms)[0m  SELECT  "users".* FROM "users" WHERE "users"."provider" = $1 AND "users"."uid" = $2  ORDER BY "users"."id" ASC LIMIT 1  [["provider", "github"], ["uid", "5456598"]]
Redirected to http://localhost:3000/
Completed 302 Found in 3ms (ActiveRecord: 0.7ms)


Started GET "/" for 127.0.0.1 at 2015-11-12 14:50:41 +0530
Processing by VisitorsController#index as HTML
  Rendered visitors/index.html.erb within layouts/application (0.1ms)
  Rendered layouts/_navigation_links.html.erb (0.2ms)
  [1m[36mUser Load (0.3ms)[0m  [1mSELECT  "users".* FROM "users" WHERE "users"."id" = $1 LIMIT 1[0m  [["id", 1]]
  Rendered layouts/_nav_links_for_auth.html.erb (0.8ms)
  Rendered layouts/_navigation.html.erb (2.1ms)
  Rendered layouts/_messages.html.erb (0.1ms)
Completed 200 OK in 82ms (Views: 81.2ms | ActiveRecord: 0.3ms)
